2025-11-04T05:24:27 exception: Failed to open "/home/riikq/.config/mpd/mpdstate": No such file or directory
2025-11-04T05:24:27 update: added plastic beach-gorillaz/06 Superfast Jellyfish (feat. Gruff Rhys & De La Soul).mp3
2025-11-04T05:24:27 update: added plastic beach-gorillaz/01 Orchestral Intro (feat. Sinfonia Viva).mp3
2025-11-04T05:24:27 update: added plastic beach-gorillaz/05 Stylo (feat. Mos Def & Bobby Womack).mp3
2025-11-04T05:24:27 update: added plastic beach-gorillaz/08 Glitter Freeze (feat. Mark E Smith).mp3
2025-11-04T05:24:27 update: added plastic beach-gorillaz/12 Sweepstakes (feat. Mos Def & Hypnotic Brass Ensemble).mp3
2025-11-04T05:24:27 update: added plastic beach-gorillaz/07 Empire Ants (feat. Little Dragon).mp3
2025-11-04T05:24:27 update: added plastic beach-gorillaz/09 Some Kind of Nature (feat. Lou Reed).mp3
2025-11-04T05:24:27 update: added plastic beach-gorillaz/17 Pirate's Progress.mp3
2025-11-04T05:24:27 update: added plastic beach-gorillaz/14 To Binge (feat. Little Dragon).mp3
2025-11-04T05:24:27 update: added plastic beach-gorillaz/02 Welcome to the World of the Plastic Beach (feat. Snoop Dogg & Hypnotic Brass Ensemble).mp3
2025-11-04T05:24:27 update: added plastic beach-gorillaz/16 Pirate Jet.mp3
2025-11-04T05:24:27 update: added plastic beach-gorillaz/13 Plastic Beach (feat. Mick Jones & Paul Simonon).mp3
2025-11-04T05:24:27 update: added plastic beach-gorillaz/11 Broken.mp3
2025-11-04T05:24:27 update: added plastic beach-gorillaz/10 On Melancholy Hill.mp3
2025-11-04T05:24:27 update: added plastic beach-gorillaz/04 Rhinestone Eyes.mp3
2025-11-04T05:24:27 update: added plastic beach-gorillaz/15 Cloud of Unknowing (feat. Bobby Womack & Sinfonia Viva).mp3
2025-11-04T05:24:27 update: added plastic beach-gorillaz/03 White Flag (feat. Bashy, Kano & the National Orchestra for Arabic Music).mp3
2025-11-04T05:24:27 update: added Guns n Roses - Appetite For Destruction/09 Sweet Child O' Mine.mp3
2025-11-04T05:24:27 update: added Guns n Roses - Appetite For Destruction/01 Welcome To The Jungle.mp3
2025-11-04T05:24:27 update: added Guns n Roses - Appetite For Destruction/07 My Michelle.mp3
2025-11-04T05:24:27 update: added Guns n Roses - Appetite For Destruction/10 You're Crazy.mp3
2025-11-04T05:24:27 update: added Guns n Roses - Appetite For Destruction/11 Anything Goes.mp3
2025-11-04T05:24:27 update: added Guns n Roses - Appetite For Destruction/03 Nightrain.mp3
2025-11-04T05:24:27 update: added Guns n Roses - Appetite For Destruction/08 Think About You.mp3
2025-11-04T05:24:27 update: added Guns n Roses - Appetite For Destruction/04 Out Ta Get Me.mp3
2025-11-04T05:24:27 update: added Guns n Roses - Appetite For Destruction/05 Mr. Brownstone.mp3
2025-11-04T05:24:27 update: added Guns n Roses - Appetite For Destruction/02 It's So Easy.mp3
2025-11-04T05:24:27 update: added Guns n Roses - Appetite For Destruction/06 Paradise City.mp3
2025-11-04T05:24:27 update: added Guns n Roses - Appetite For Destruction/12 Rocket Queen.mp3
2025-11-04T05:24:27 update: added JKT48/Fortune Cookie - JKT48.mp3
2025-11-04T05:24:27 update: added JKT48/Only Today - JKT48.mp3
2025-11-04T05:24:27 update: added JKT48/Seventeen - JKT48.mp3
2025-11-04T05:24:27 update: added JKT48/Aitakatta - JKT48.mp3
2025-11-04T05:24:27 update: added JKT48/Heavy Rotation - JKT48.mp3
2025-11-04T05:24:27 update: added lp_music-of-johann-strauss-no-2_johann-strauss-jr-clemens-krauss-wiener-ph/disc1/01.02. Der Zigeunerbaron―Overture.mp3
2025-11-04T05:24:27 update: added lp_music-of-johann-strauss-no-2_johann-strauss-jr-clemens-krauss-wiener-ph/disc1/02.01. Künstlerleben.mp3
2025-11-04T05:24:27 update: added lp_music-of-johann-strauss-no-2_johann-strauss-jr-clemens-krauss-wiener-ph/disc1/01.01. Die Fledermaus―Overture.mp3
2025-11-04T05:24:27 update: added lp_music-of-johann-strauss-no-2_johann-strauss-jr-clemens-krauss-wiener-ph/disc1/02.02. Frühlingsstimmen.mp3
2025-11-04T05:24:27 update: added Queen Albums/[1991] - Innuendo/06 - Ride The Wild Wind.mp3
2025-11-04T05:24:27 update: added Queen Albums/[1991] - Innuendo/07 - All God's People.mp3
2025-11-04T05:24:27 update: added Queen Albums/[1991] - Innuendo/08 - These Are The Days Of Our Lives.mp3
2025-11-04T05:24:27 update: added Queen Albums/[1991] - Innuendo/04 - I Can't Live With You.mp3
2025-11-04T05:24:27 update: added Queen Albums/[1991] - Innuendo/03 - Headlong.mp3
2025-11-04T05:24:27 update: added Queen Albums/[1991] - Innuendo/09 - Delilah.mp3
2025-11-04T05:24:27 update: added Queen Albums/[1991] - Innuendo/05 - Don't Try So Hard.mp3
2025-11-04T05:24:27 update: added Queen Albums/[1991] - Innuendo/02 - I'm Going Slighty Mad.mp3
2025-11-04T05:24:27 update: added Queen Albums/[1991] - Innuendo/12 - The Show Must Go On.mp3
2025-11-04T05:24:27 update: added Queen Albums/[1991] - Innuendo/10 - The Hitman.mp3
2025-11-04T05:24:27 update: added Queen Albums/[1991] - Innuendo/01 - Innuendo.mp3
2025-11-04T05:24:27 update: added Queen Albums/[1991] - Innuendo/11 - Bijou.mp3
2025-11-04T05:24:27 update: added Queen Albums/[1973] - Queen/08 - Son And Daughter.mp3
2025-11-04T05:24:27 update: added Queen Albums/[1973] - Queen/06 - The Night Comes Down.mp3
2025-11-04T05:24:27 update: added Queen Albums/[1973] - Queen/03 - Great King Rat.mp3
2025-11-04T05:24:27 update: added Queen Albums/[1973] - Queen/04 - My Fairy King.mp3
2025-11-04T05:24:27 update: added Queen Albums/[1973] - Queen/02 - Doing All Right.mp3
2025-11-04T05:24:27 update: added Queen Albums/[1973] - Queen/10 - Seven Seas Of Rhye... (Instrumental).mp3
2025-11-04T05:24:27 update: added Queen Albums/[1973] - Queen/01 - Keep Yourself Alive.mp3
2025-11-04T05:24:27 update: added Queen Albums/[1973] - Queen/07 - Modern Times Rock 'n' Roll.mp3
2025-11-04T05:24:27 update: added Queen Albums/[1973] - Queen/09 - Jesus.mp3
2025-11-04T05:24:27 update: added Queen Albums/[1973] - Queen/05 - Liar.mp3
2025-11-04T05:24:27 update: added Queen Albums/[1984] - The Works/07 - Keep Passing The Open Windows.mp3
2025-11-04T05:24:27 update: added Queen Albums/[1984] - The Works/09 - Is This The World We Created....mp3
2025-11-04T05:24:27 update: added Queen Albums/[1984] - The Works/05 - Machines (Or 'Back To Humans').mp3
2025-11-04T05:24:27 update: added Queen Albums/[1984] - The Works/04 - Man On The Prowl.mp3
2025-11-04T05:24:27 update: added Queen Albums/[1984] - The Works/01 - Radio Ga Ga.mp3
2025-11-04T05:24:27 update: added Queen Albums/[1984] - The Works/02 - Tear It Up.mp3
2025-11-04T05:24:27 update: added Queen Albums/[1984] - The Works/08 - Hammer To Fall.mp3
2025-11-04T05:24:27 update: added Queen Albums/[1984] - The Works/03 - It's A Hard Life.mp3
2025-11-04T05:24:27 update: added Queen Albums/[1984] - The Works/06 - I Want To Break Free.mp3
2025-11-04T05:24:27 update: added Queen Albums/[1976] - A Day At The Races/08 - Good Old-Fashioned Lover Boy.mp3
2025-11-04T05:24:27 update: added Queen Albums/[1976] - A Day At The Races/05 - You And I.mp3
2025-11-04T05:24:27 update: added Queen Albums/[1976] - A Day At The Races/01 - Tie Your Mother Down.mp3
2025-11-04T05:24:27 update: added Queen Albums/[1976] - A Day At The Races/07 - White Man.mp3
2025-11-04T05:24:27 update: added Queen Albums/[1976] - A Day At The Races/04 - The Millionaire Waltz.mp3
2025-11-04T05:24:27 update: added Queen Albums/[1976] - A Day At The Races/06 - Somebody To Love.mp3
2025-11-04T05:24:27 update: added Queen Albums/[1976] - A Day At The Races/03 - Long Away.mp3
2025-11-04T05:24:27 update: added Queen Albums/[1976] - A Day At The Races/10 - Teo Torriatte (Let Us Cling Together).mp3
2025-11-04T05:24:27 update: added Queen Albums/[1976] - A Day At The Races/02 - You Take My Breath Away.mp3
2025-11-04T05:24:27 update: added Queen Albums/[1976] - A Day At The Races/09 - Drowse.mp3
2025-11-04T05:24:27 update: added Queen Albums/[1986] - A Kind Of Magic/02 - A Kind Of Magic.mp3
2025-11-04T05:24:27 update: added Queen Albums/[1986] - A Kind Of Magic/09 - Princes Of The Universe.mp3
2025-11-04T05:24:27 update: added Queen Albums/[1986] - A Kind Of Magic/08 - Don't Lose Your Head.mp3
2025-11-04T05:24:27 update: added Queen Albums/[1986] - A Kind Of Magic/01 - One Vision.mp3
2025-11-04T05:24:27 update: added Queen Albums/[1986] - A Kind Of Magic/11 - Friends Will Be Friends Will Be Friends....mp3
2025-11-04T05:24:27 update: added Queen Albums/[1986] - A Kind Of Magic/03 - One Year Of Love.mp3
2025-11-04T05:24:27 update: added Queen Albums/[1986] - A Kind Of Magic/12 - Forever.mp3
2025-11-04T05:24:27 update: added Queen Albums/[1986] - A Kind Of Magic/06 - Who Wants To Live Forever.mp3
2025-11-04T05:24:27 update: added Queen Albums/[1986] - A Kind Of Magic/10 - A Kind Of 'A Kind Of Magic'.mp3
2025-11-04T05:24:27 update: added Queen Albums/[1986] - A Kind Of Magic/05 - Friends Will Be Friends.mp3
2025-11-04T05:24:27 update: added Queen Albums/[1986] - A Kind Of Magic/04 - Pain Is So Close To Pleasure.mp3
2025-11-04T05:24:27 update: added Queen Albums/[1986] - A Kind Of Magic/07 - Gimme The Prize (Kurgan's Theme).mp3
2025-11-04T05:24:27 update: added Queen Albums/[1974] - Sheer Heart Attack/06 - Now I'm Here.mp3
2025-11-04T05:24:27 update: added Queen Albums/[1974] - Sheer Heart Attack/09 - Dear Friends.mp3
2025-11-04T05:24:27 update: added Queen Albums/[1974] - Sheer Heart Attack/12 - She Makes Me (Stormtrooper In Stilettoes).mp3
2025-11-04T05:24:27 update: added Queen Albums/[1974] - Sheer Heart Attack/01 - Brighton Rock.mp3
2025-11-04T05:24:27 update: added Queen Albums/[1974] - Sheer Heart Attack/03 - Tenement Funster.mp3
2025-11-04T05:24:27 update: added Queen Albums/[1974] - Sheer Heart Attack/11 - Bring Back That Leroy Brown.mp3
2025-11-04T05:24:27 update: added Queen Albums/[1974] - Sheer Heart Attack/07 - In the Lap Of The Gods.mp3
2025-11-04T05:24:27 update: added Queen Albums/[1974] - Sheer Heart Attack/08 - Stone Cold Crazy.mp3
2025-11-04T05:24:27 update: added Queen Albums/[1974] - Sheer Heart Attack/02 - Killer Queen.mp3
2025-11-04T05:24:27 update: added Queen Albums/[1974] - Sheer Heart Attack/10 - Misfire.mp3
2025-11-04T05:24:27 update: added Queen Albums/[1974] - Sheer Heart Attack/05 - Lily Of The Valley.mp3
2025-11-04T05:24:27 update: added Queen Albums/[1974] - Sheer Heart Attack/13 - In The Lap Of The Gods...Revisited.mp3
2025-11-04T05:24:27 update: added Queen Albums/[1974] - Sheer Heart Attack/04 - Flick Of The Wrist.mp3
2025-11-04T05:24:27 update: added Queen Albums/[1975] - A Night At The Opera/06 - Sweet Lady.mp3
2025-11-04T05:24:27 update: added Queen Albums/[1975] - A Night At The Opera/12 - God Save The Queen (Instrumental).mp3
2025-11-04T05:24:27 update: added Queen Albums/[1975] - A Night At The Opera/01 - Death On Two Legs (Dedicated To...).mp3
2025-11-04T05:24:27 update: added Queen Albums/[1975] - A Night At The Opera/08 - The Prophet's Song.mp3
2025-11-04T05:24:27 update: added Queen Albums/[1975] - A Night At The Opera/11 - Bohemian Rhapsody.mp3
2025-11-04T05:24:27 update: added Queen Albums/[1975] - A Night At The Opera/02 - Lazing On A Sunday Afternoon.mp3
2025-11-04T05:24:27 update: added Queen Albums/[1975] - A Night At The Opera/10 - Good Company.mp3
2025-11-04T05:24:27 update: added Queen Albums/[1975] - A Night At The Opera/03 - I'm In Love With My Car.mp3
2025-11-04T05:24:27 update: added Queen Albums/[1975] - A Night At The Opera/04 - You're My Best Friend.mp3
2025-11-04T05:24:27 update: added Queen Albums/[1975] - A Night At The Opera/09 - Love Of My Life.mp3
2025-11-04T05:24:27 update: added Queen Albums/[1975] - A Night At The Opera/07 - Seaside Rendezvous.mp3
2025-11-04T05:24:27 update: added Queen Albums/[1975] - A Night At The Opera/05 - '39.mp3
2025-11-04T05:24:27 update: added Queen Albums/[1980] - The Game/04 - Need Your Loving Tonight.mp3
2025-11-04T05:24:27 update: added Queen Albums/[1980] - The Game/06 - Rock It (Prime Jive).mp3
2025-11-04T05:24:27 update: added Queen Albums/[1980] - The Game/02 - Dragon Attack.mp3
2025-11-04T05:24:27 update: added Queen Albums/[1980] - The Game/01 - Play The Game.mp3
2025-11-04T05:24:27 update: added Queen Albums/[1980] - The Game/10 - Save Me.mp3
2025-11-04T05:24:27 update: added Queen Albums/[1980] - The Game/05 - Crazy Little Thing Called Love.mp3
2025-11-04T05:24:27 update: added Queen Albums/[1980] - The Game/03 - Another One Bites The Dust.mp3
2025-11-04T05:24:27 update: added Queen Albums/[1980] - The Game/08 - Sail Away Sweet Sister.mp3
2025-11-04T05:24:27 update: added Queen Albums/[1980] - The Game/09 - Coming Soon.mp3
2025-11-04T05:24:27 update: added Queen Albums/[1980] - The Game/07 - Don't Try Suicide.mp3
2025-11-04T05:24:27 update: added Queen Albums/[1982] - Hot Space/04 - Body Language.mp3
2025-11-04T05:24:27 update: added Queen Albums/[1982] - Hot Space/07 - Life Is Real (Song For Lennon).mp3
2025-11-04T05:24:27 update: added Queen Albums/[1982] - Hot Space/08 - Calling All Girls.mp3
2025-11-04T05:24:27 update: added Queen Albums/[1982] - Hot Space/01 - Staying Power.mp3
2025-11-04T05:24:27 update: added Queen Albums/[1982] - Hot Space/02 - Dancer.mp3
2025-11-04T05:24:27 update: added Queen Albums/[1982] - Hot Space/09 - Las Palabras De Amor (The Words Of Love).mp3
2025-11-04T05:24:27 update: added Queen Albums/[1982] - Hot Space/11 - Under Pressure.mp3
2025-11-04T05:24:27 update: added Queen Albums/[1982] - Hot Space/06 - Put Out The Fire.mp3
2025-11-04T05:24:27 update: added Queen Albums/[1982] - Hot Space/03 - Back Chat.mp3
2025-11-04T05:24:27 update: added Queen Albums/[1982] - Hot Space/10 - Cool Cat.mp3
2025-11-04T05:24:27 update: added Queen Albums/[1982] - Hot Space/05 - Action This Day.mp3
2025-11-04T05:24:27 update: added Queen Albums/Queen-Flash.mp3
2025-11-04T05:24:27 update: added Queen Albums/[1978] - Jazz/08 - In Only Seven Days.mp3
2025-11-04T05:24:27 update: added Queen Albums/[1978] - Jazz/12 - Don't Stop Me Now.mp3
2025-11-04T05:24:27 update: added Queen Albums/[1978] - Jazz/04 - Bicycle Race.mp3
2025-11-04T05:24:27 update: added Queen Albums/[1978] - Jazz/09 - Dreamer's Ball.mp3
2025-11-04T05:24:27 update: added Queen Albums/[1978] - Jazz/05 - If You Can't Beat Them.mp3
2025-11-04T05:24:27 update: added Queen Albums/[1978] - Jazz/11 - Leaving Home Ain't Easy.mp3
2025-11-04T05:24:27 update: added Queen Albums/[1978] - Jazz/01 - Mustapha.mp3
2025-11-04T05:24:27 update: added Queen Albums/[1978] - Jazz/03 - Jealousy.mp3
2025-11-04T05:24:27 update: added Queen Albums/[1978] - Jazz/13 - More Of That Jazz.mp3
2025-11-04T05:24:27 update: added Queen Albums/[1978] - Jazz/10 - Fun It.mp3
2025-11-04T05:24:27 update: added Queen Albums/[1978] - Jazz/02 - Fat Bottomed Girls.mp3
2025-11-04T05:24:27 update: added Queen Albums/[1978] - Jazz/07 - Dead On Time.mp3
2025-11-04T05:24:27 update: added Queen Albums/[1978] - Jazz/06 - Let Me Entertain You.mp3
2025-11-04T05:24:27 update: added Queen Albums/[1974] - Queen II/07 - The Fairy Feller's Master-Stroke.mp3
2025-11-04T05:24:27 update: added Queen Albums/[1974] - Queen II/01 - Procession.mp3
2025-11-04T05:24:27 update: added Queen Albums/[1974] - Queen II/11 - Seven Seas Of Rhye.mp3
2025-11-04T05:24:27 update: added Queen Albums/[1974] - Queen II/09 - The March Of the Black Queen.mp3
2025-11-04T05:24:27 update: added Queen Albums/[1974] - Queen II/10 - Funny How Love Is.mp3
2025-11-04T05:24:27 update: added Queen Albums/[1974] - Queen II/06 - Ogre Battle.mp3
2025-11-04T05:24:27 update: added Queen Albums/[1974] - Queen II/08 - Nevermore.mp3
2025-11-04T05:24:27 update: added Queen Albums/[1974] - Queen II/02 - Father To Son.mp3
2025-11-04T05:24:27 update: added Queen Albums/[1974] - Queen II/05 - The Loser In The End.mp3
2025-11-04T05:24:27 update: added Queen Albums/[1974] - Queen II/03 - White Queen (As It Began).mp3
2025-11-04T05:24:27 update: added Queen Albums/[1974] - Queen II/04 - Some Day One Day.mp3
2025-11-04T05:24:27 update: added Queen Albums/[1989] - The Miracle/04 - I Want It All.mp3
2025-11-04T05:24:27 update: added Queen Albums/[1989] - The Miracle/07 - Rain Must Fall.mp3
2025-11-04T05:24:27 update: added Queen Albums/[1989] - The Miracle/05 - The Invisible Man.mp3
2025-11-04T05:24:27 update: added Queen Albums/[1989] - The Miracle/02 - Khashoggi's Ship.mp3
2025-11-04T05:24:27 update: added Queen Albums/[1989] - The Miracle/06 - Breakthru.mp3
2025-11-04T05:24:27 update: added Queen Albums/[1989] - The Miracle/08 - Scandal.mp3
2025-11-04T05:24:27 update: added Queen Albums/[1989] - The Miracle/13 - The Invisible Man (12 Version).mp3
2025-11-04T05:24:27 update: added Queen Albums/[1989] - The Miracle/01 - Party.mp3
2025-11-04T05:24:27 update: added Queen Albums/[1989] - The Miracle/12 - Chinese Torture.mp3
2025-11-04T05:24:27 update: added Queen Albums/[1989] - The Miracle/09 - My Baby Does Me.mp3
2025-11-04T05:24:27 update: added Queen Albums/[1989] - The Miracle/10 - Was It All Worth It.mp3
2025-11-04T05:24:27 update: added Queen Albums/[1989] - The Miracle/11 - Hang On In There.mp3
2025-11-04T05:24:27 update: added Queen Albums/[1989] - The Miracle/03 - The Miracle.mp3
2025-11-04T05:24:27 update: added Queen Albums/[1977] - News Of The World/10 - It's Late.mp3
2025-11-04T05:24:27 update: added Queen Albums/[1977] - News Of The World/04 - All Dead, All Dead.mp3
2025-11-04T05:24:27 update: added Queen Albums/[1977] - News Of The World/11 - My Melancholy Blues.mp3
2025-11-04T05:24:27 update: added Queen Albums/[1977] - News Of The World/01 - We Will Rock You.mp3
2025-11-04T05:24:27 update: added Queen Albums/[1977] - News Of The World/06 - Fight From The Inside.mp3
2025-11-04T05:24:27 update: added Queen Albums/[1977] - News Of The World/07 - Get Down, Make Love.mp3
2025-11-04T05:24:27 update: added Queen Albums/[1977] - News Of The World/09 - Who Needs You.mp3
2025-11-04T05:24:27 update: added Queen Albums/[1977] - News Of The World/08 - Sleeping On The Sidewalk.mp3
2025-11-04T05:24:27 update: added Queen Albums/[1977] - News Of The World/03 - Sheer Heart Attack.mp3
2025-11-04T05:24:27 update: added Queen Albums/[1977] - News Of The World/05 - Spread Your Wings.mp3
2025-11-04T05:24:27 update: added Queen Albums/[1977] - News Of The World/02 - We Are The Champions.mp3
2025-11-04T05:24:27 update: added Queen Albums/[1995] - Made In Heaven/03 - Let Me Live.mp3
2025-11-04T05:24:27 update: added Queen Albums/[1995] - Made In Heaven/11 - It's A Beautiful Day (Reprise).mp3
2025-11-04T05:24:27 update: added Queen Albums/[1995] - Made In Heaven/06 - I Was Born To Love You.mp3
2025-11-04T05:24:27 update: added Queen Albums/[1995] - Made In Heaven/08 - Too Much Love Will Kill You.mp3
2025-11-04T05:24:27 update: added Queen Albums/[1995] - Made In Heaven/09 - You Don't Fool Me.mp3
2025-11-04T05:24:27 update: added Queen Albums/[1995] - Made In Heaven/05 - My Life Has Been Saved.mp3
2025-11-04T05:24:27 update: added Queen Albums/[1995] - Made In Heaven/13 - Untitled Hidden Track.mp3
2025-11-04T05:24:27 update: added Queen Albums/[1995] - Made In Heaven/12 - Yeah.mp3
2025-11-04T05:24:27 update: added Queen Albums/[1995] - Made In Heaven/04 - Mother Love.mp3
2025-11-04T05:24:27 update: added Queen Albums/[1995] - Made In Heaven/07 - Heaven For Everyone.mp3
2025-11-04T05:24:27 update: added Queen Albums/[1995] - Made In Heaven/10 - A Winter's Tale.mp3
2025-11-04T05:24:27 update: added Queen Albums/[1995] - Made In Heaven/01 - It's A Beautiful Day.mp3
2025-11-04T05:24:27 update: added Queen Albums/[1995] - Made In Heaven/02 - Made In Heaven.mp3
2025-11-04T05:24:27 update: added Natlan/[SPOTIFY-DOWNLOADER.COM] Thanks for the Fire.mp3
2025-11-04T05:24:27 update: added Natlan/[SPOTIFY-DOWNLOADER.COM] Feast and Bounty.mp3
2025-11-04T05:24:27 update: added Natlan/[SPOTIFY-DOWNLOADER.COM] Whirl of Chalchiuhtlicue.mp3
2025-11-04T05:24:27 update: added Natlan/[SPOTIFY-DOWNLOADER.COM] When Rain Clouds Gather.mp3
Note: Illegal Audio-MPEG-Header 0x00000000 at offset 148749.
Note: Trying to resync...
Note: Hit end of (available) data during resync.
2025-11-04T05:24:27 mpg123: mpg123_getformat() failed: Message: I am done with this track.
Note: Illegal Audio-MPEG-Header 0x00000000 at offset 148749.
Note: Trying to resync...
Note: Hit end of (available) data during resync.
2025-11-04T05:24:27 mpg123: mpg123_getformat() failed: Message: I am done with this track.
2025-11-04T05:24:27 ffmpeg/h263: Format h263 detected only with low score of 24, misdetection possible!
2025-11-04T05:24:27 ffmpeg/h263: Bad picture start code
2025-11-04T05:24:27 ffmpeg/h263: header damaged
2025-11-04T05:24:27 ffmpeg/h263: Could not find codec parameters for stream 0 (Video: h263, none): unspecified size
Consider increasing the value for the 'analyzeduration' (0) and 'probesize' (5000000) options
2025-11-04T05:24:27 update: added Natlan/[SPOTIFY-DOWNLOADER.COM] Chirping of Canyons.mp3
2025-11-04T05:24:27 update: added Natlan/[SPOTIFY-DOWNLOADER.COM] Arcana of Zipacna.mp3
2025-11-04T05:24:27 update: added Natlan/[SPOTIFY-DOWNLOADER.COM] Makani 'olu'olu.mp3
2025-11-04T05:24:27 update: added Natlan/[SPOTIFY-DOWNLOADER.COM] A Distant Farewell.mp3
2025-11-04T05:24:27 update: added Natlan/[SPOTIFY-DOWNLOADER.COM] The Heights of Rumikunamanta.mp3
2025-11-04T05:24:27 update: added Natlan/[SPOTIFY-DOWNLOADER.COM] Scarlet Song.mp3
2025-11-04T05:24:27 update: added Natlan/[SPOTIFY-DOWNLOADER.COM] Realm of Ethereal Murk.mp3
2025-11-04T05:24:27 update: added Natlan/[SPOTIFY-DOWNLOADER.COM] Fog of the Seasons.mp3
2025-11-04T05:24:27 update: added Natlan/[SPOTIFY-DOWNLOADER.COM] Chasing Flames Like Strings.mp3
2025-11-04T05:24:27 update: added Natlan/[SPOTIFY-DOWNLOADER.COM] Flute of Uilacapitztli.mp3
2025-11-04T05:24:27 update: added Natlan/[SPOTIFY-DOWNLOADER.COM] Promises by the Spring.mp3
2025-11-04T05:24:27 update: added Natlan/[SPOTIFY-DOWNLOADER.COM] ...Times Come Again No More.mp3
2025-11-04T05:24:27 update: added Natlan/[SPOTIFY-DOWNLOADER.COM] Moment of Solace.mp3
2025-11-04T05:24:27 update: added Natlan/[SPOTIFY-DOWNLOADER.COM] Chimes on the Blue Shore.mp3
Note: Illegal Audio-MPEG-Header 0x00000000 at offset 158791.
Note: Trying to resync...
Note: Hit end of (available) data during resync.
2025-11-04T05:24:27 mpg123: mpg123_getformat() failed: Message: I am done with this track.
Note: Illegal Audio-MPEG-Header 0x00000000 at offset 158791.
Note: Trying to resync...
Note: Hit end of (available) data during resync.
2025-11-04T05:24:27 mpg123: mpg123_getformat() failed: Message: I am done with this track.
2025-11-04T05:24:27 ffmpeg/mp3: Format mp3 detected only with low score of 24, misdetection possible!
2025-11-04T05:24:27 ffmpeg/mp3: Failed to find two consecutive MPEG audio frames.
2025-11-04T05:24:27 update: added Natlan/[SPOTIFY-DOWNLOADER.COM] Halls of Hueyteotl.mp3
2025-11-04T05:24:27 update: added Natlan/[SPOTIFY-DOWNLOADER.COM] Jubilation of Calcine.mp3
2025-11-04T05:24:27 update: added Natlan/[SPOTIFY-DOWNLOADER.COM] Delightful Whimsy.mp3
2025-11-04T05:24:27 update: added Natlan/[SPOTIFY-DOWNLOADER.COM] Sifu Moto.mp3
2025-11-04T05:24:27 update: added Natlan/[SPOTIFY-DOWNLOADER.COM] Undanced Dance.mp3
2025-11-04T05:24:27 update: added Natlan/[SPOTIFY-DOWNLOADER.COM] Dream of Tranquility.mp3
2025-11-04T05:24:27 update: added Natlan/[SPOTIFY-DOWNLOADER.COM] Dazzling Moon of Metztli.mp3
2025-11-04T05:24:27 update: added Natlan/[SPOTIFY-DOWNLOADER.COM] Rainbow Leis.mp3
2025-11-04T05:24:27 update: added Natlan/[SPOTIFY-DOWNLOADER.COM] Beat of Boulders.mp3
2025-11-04T05:24:27 update: added Natlan/[SPOTIFY-DOWNLOADER.COM] Flower Writing.mp3
2025-11-04T05:24:27 update: added Natlan/[SPOTIFY-DOWNLOADER.COM] Eventide Chant.mp3
2025-11-04T05:24:27 update: added Natlan/[SPOTIFY-DOWNLOADER.COM] After So Many Words.mp3
2025-11-04T05:24:27 update: added Natlan/[SPOTIFY-DOWNLOADER.COM] Quetzal's Yearning.mp3
2025-11-04T05:24:27 update: added Natlan/[SPOTIFY-DOWNLOADER.COM] Until the Morning After.mp3
2025-11-04T05:24:27 update: added Natlan/[SPOTIFY-DOWNLOADER.COM] Introduction to a Little Friend.mp3
2025-11-04T05:24:27 update: added Natlan/[SPOTIFY-DOWNLOADER.COM] Inheritance of an Ancient Name.mp3
2025-11-04T05:24:27 update: added Natlan/[SPOTIFY-DOWNLOADER.COM] Bequeathed to the Beloved.mp3
2025-11-04T05:24:27 update: added Natlan/[SPOTIFY-DOWNLOADER.COM] A Harvest of Dreams.mp3
2025-11-04T05:24:27 update: added Natlan/[SPOTIFY-DOWNLOADER.COM] Cuicatl of Kongamato.mp3
Note: Illegal Audio-MPEG-Header 0x00000000 at offset 159432.
Note: Trying to resync...
Note: Hit end of (available) data during resync.
2025-11-04T05:24:27 mpg123: mpg123_getformat() failed: Message: I am done with this track.
Note: Illegal Audio-MPEG-Header 0x00000000 at offset 159432.
Note: Trying to resync...
Note: Hit end of (available) data during resync.
2025-11-04T05:24:27 mpg123: mpg123_getformat() failed: Message: I am done with this track.
2025-11-04T05:24:27 ffmpeg/mp3: Format mp3 detected only with low score of 24, misdetection possible!
2025-11-04T05:24:27 ffmpeg/mp3: Failed to find two consecutive MPEG audio frames.
2025-11-04T05:24:27 update: added Natlan/[SPOTIFY-DOWNLOADER.COM] Silent Voices of the Night.mp3
2025-11-04T05:24:27 update: added Natlan/[SPOTIFY-DOWNLOADER.COM] A Night of Their Own.mp3
2025-11-04T05:24:27 update: added Natlan/[SPOTIFY-DOWNLOADER.COM] Baba we Twasali.mp3
Note: Illegal Audio-MPEG-Header 0x00000000 at offset 158792.
Note: Trying to resync...
Note: Hit end of (available) data during resync.
2025-11-04T05:24:27 mpg123: mpg123_getformat() failed: Message: I am done with this track.
Note: Illegal Audio-MPEG-Header 0x00000000 at offset 158792.
Note: Trying to resync...
Note: Hit end of (available) data during resync.
2025-11-04T05:24:27 mpg123: mpg123_getformat() failed: Message: I am done with this track.
2025-11-04T05:24:27 ffmpeg/mp3: Format mp3 detected only with low score of 24, misdetection possible!
2025-11-04T05:24:27 ffmpeg/mp3: Failed to find two consecutive MPEG audio frames.
2025-11-04T05:24:27 update: added Natlan/[SPOTIFY-DOWNLOADER.COM] Blazing Proclamation.mp3
2025-11-04T05:24:27 update: added Natlan/[SPOTIFY-DOWNLOADER.COM] Dust of Dusklands.mp3
2025-11-04T05:24:27 update: added Natlan/[SPOTIFY-DOWNLOADER.COM] Descendants of Ahkantenal.mp3
2025-11-04T05:24:27 update: added Oppenheimer/Trinity.mp3
2025-11-04T05:24:27 update: added Oppenheimer/Oppenheimer.mp3
2025-11-04T05:24:27 update: added Oppenheimer/Can You Hear The Music.mp3
2025-11-04T05:24:27 update: added Oppenheimer/Destroyer Of Worlds.mp3
2025-11-04T05:24:27 update: added Oppenheimer/Groves.mp3
2025-11-04T05:24:27 update: added Oppenheimer/Power Stays In The Shadows.mp3
2025-11-04T05:24:27 update: added Oppenheimer/Ground Zero.mp3
2025-11-04T05:24:27 update: added Oppenheimer/Atmospheric Ignition.mp3
2025-11-04T05:24:27 update: added Oppenheimer/Something More Important.mp3
2025-11-04T05:24:27 update: added Oppenheimer/A Lowly Shoe Salesman.mp3
2025-11-04T05:24:27 update: added Oppenheimer/Dr. Hill.mp3
2025-11-04T05:24:27 update: added Oppenheimer/Meeting Kitty.mp3
2025-11-04T05:24:27 update: added Oppenheimer/What We Have Done.mp3
2025-11-04T05:24:27 update: added Oppenheimer/American Prometheus.mp3
2025-11-04T05:24:27 update: added Oppenheimer/Fusion.mp3
2025-11-04T05:24:27 update: added Oppenheimer/Quantum Mechanics.mp3
2025-11-04T05:24:27 update: added Oppenheimer/Los Alamos.mp3
2025-11-04T05:24:27 update: added Oppenheimer/Fission.mp3
2025-11-04T05:24:27 update: added Oppenheimer/Gravity Swallows Light.mp3
2025-11-04T05:24:27 update: added Oppenheimer/Manhattan Project.mp3
2025-11-04T05:24:27 update: added Oppenheimer/Kitty Comes To Testify.mp3
2025-11-04T05:24:27 update: added Oppenheimer/The Trial.mp3
2025-11-04T05:24:27 update: added Oppenheimer/Theorists.mp3
2025-11-04T05:24:27 update: added Oppenheimer/Colonel Pash.mp3
2025-11-04T05:24:27 update: added Undertale - Lossless Soundtrack (toby fox)/toby fox - UNDERTALE Soundtrack - 19 Dogbass.mp3
2025-11-04T05:24:27 update: added Undertale - Lossless Soundtrack (toby fox)/toby fox - UNDERTALE Soundtrack - 49 It's Showtime!.mp3
2025-11-04T05:24:27 update: added Undertale - Lossless Soundtrack (toby fox)/toby fox - UNDERTALE Soundtrack - 54 Hotel.mp3
2025-11-04T05:24:27 update: added Undertale - Lossless Soundtrack (toby fox)/toby fox - UNDERTALE Soundtrack - 57 Live Report.mp3
2025-11-04T05:24:27 update: added Undertale - Lossless Soundtrack (toby fox)/toby fox - UNDERTALE Soundtrack - 84 Amalgam.mp3
2025-11-04T05:24:27 update: added Undertale - Lossless Soundtrack (toby fox)/toby fox - UNDERTALE Soundtrack - 40 Ghouliday.mp3
2025-11-04T05:24:27 update: added Undertale - Lossless Soundtrack (toby fox)/toby fox - UNDERTALE Soundtrack - 88 Burn in Despair!.mp3
2025-11-04T05:24:27 update: added Undertale - Lossless Soundtrack (toby fox)/toby fox - UNDERTALE Soundtrack - 99 Power of -NEO-.mp3
2025-11-04T05:24:27 update: added Undertale - Lossless Soundtrack (toby fox)/toby fox - UNDERTALE Soundtrack - 17 Snowy.mp3
2025-11-04T05:24:27 update: added Undertale - Lossless Soundtrack (toby fox)/toby fox - UNDERTALE Soundtrack - 66 Last Episode!.mp3
2025-11-04T05:24:27 update: added Undertale - Lossless Soundtrack (toby fox)/toby fox - UNDERTALE Soundtrack - 18 Uwa!! So Holiday♫.mp3
2025-11-04T05:24:27 update: added Undertale - Lossless Soundtrack (toby fox)/toby fox - UNDERTALE Soundtrack - 34 Memory.mp3
2025-11-04T05:24:27 update: added Undertale - Lossless Soundtrack (toby fox)/toby fox - UNDERTALE Soundtrack - 81 An Ending.mp3
2025-11-04T05:24:27 update: added Undertale - Lossless Soundtrack (toby fox)/toby fox - UNDERTALE Soundtrack - 11 Determination.mp3
2025-11-04T05:24:27 update: added Undertale - Lossless Soundtrack (toby fox)/toby fox - UNDERTALE Soundtrack - 27 Dating Fight!.mp3
2025-11-04T05:24:27 update: added Undertale - Lossless Soundtrack (toby fox)/toby fox - UNDERTALE Soundtrack - 52 Uwa!! So HEATS!!♫.mp3
2025-11-04T05:24:27 update: added Undertale - Lossless Soundtrack (toby fox)/toby fox - UNDERTALE Soundtrack - 28 Premonition.mp3
2025-11-04T05:24:27 update: added Undertale - Lossless Soundtrack (toby fox)/toby fox - UNDERTALE Soundtrack - 85 Fallen Down (Reprise).mp3
2025-11-04T05:24:27 update: added Undertale - Lossless Soundtrack (toby fox)/toby fox - UNDERTALE Soundtrack - 24 Bonetrousle.mp3
2025-11-04T05:24:27 update: added Undertale - Lossless Soundtrack (toby fox)/toby fox - UNDERTALE Soundtrack - 02 Start Menu.mp3
2025-11-04T05:24:27 update: added Undertale - Lossless Soundtrack (toby fox)/toby fox - UNDERTALE Soundtrack - 72 Song That Might Play When You Fight Sans.mp3
2025-11-04T05:24:27 update: added Undertale - Lossless Soundtrack (toby fox)/toby fox - UNDERTALE Soundtrack - 50 Metal Crusher.mp3
2025-11-04T05:24:27 update: added Undertale - Lossless Soundtrack (toby fox)/toby fox - UNDERTALE Soundtrack - 22 Snowdin Town.mp3
2025-11-04T05:24:27 update: added Undertale - Lossless Soundtrack (toby fox)/toby fox - UNDERTALE Soundtrack - 01 Once Upon a Time.mp3
2025-11-04T05:24:27 update: added Undertale - Lossless Soundtrack (toby fox)/toby fox - UNDERTALE Soundtrack - 60 Wrong Enemy !-.mp3
2025-11-04T05:24:27 update: added Undertale - Lossless Soundtrack (toby fox)/toby fox - UNDERTALE Soundtrack - 95 Bring It In, Guys!.mp3
2025-11-04T05:24:27 update: added Undertale - Lossless Soundtrack (toby fox)/toby fox - UNDERTALE Soundtrack - 59 Spider Dance.mp3
2025-11-04T05:24:27 update: added Undertale - Lossless Soundtrack (toby fox)/toby fox - UNDERTALE Soundtrack - 79 Your Best Nightmare.mp3
2025-11-04T05:24:27 update: added Undertale - Lossless Soundtrack (toby fox)/toby fox - UNDERTALE Soundtrack - 37 Pathetic House.mp3
2025-11-04T05:24:27 update: added Undertale - Lossless Soundtrack (toby fox)/toby fox - UNDERTALE Soundtrack - 46 Spear of Justice.mp3
2025-11-04T05:24:27 update: added Undertale - Lossless Soundtrack (toby fox)/toby fox - UNDERTALE Soundtrack - 41 Chill.mp3
2025-11-04T05:24:27 update: added Undertale - Lossless Soundtrack (toby fox)/toby fox - UNDERTALE Soundtrack - 39 Spookwave.mp3
2025-11-04T05:24:27 update: added Undertale - Lossless Soundtrack (toby fox)/toby fox - UNDERTALE Soundtrack - 97 But the Earth Refused to Die.mp3
2025-11-04T05:24:27 update: added Undertale - Lossless Soundtrack (toby fox)/toby fox - UNDERTALE Soundtrack - 96 Last Goodbye.mp3
2025-11-04T05:24:27 update: added Undertale - Lossless Soundtrack (toby fox)/toby fox - UNDERTALE Soundtrack - 20 Mysterious Place.mp3
2025-11-04T05:24:27 update: added Undertale - Lossless Soundtrack (toby fox)/toby fox - UNDERTALE Soundtrack - 94 Respite.mp3
2025-11-04T05:24:27 update: added Undertale - Lossless Soundtrack (toby fox)/toby fox - UNDERTALE Soundtrack - 82 She's Playing Piano.mp3
2025-11-04T05:24:27 update: added Undertale - Lossless Soundtrack (toby fox)/toby fox - UNDERTALE Soundtrack - 91 Final Power.mp3
2025-11-04T05:24:27 update: added Undertale - Lossless Soundtrack (toby fox)/toby fox - UNDERTALE Soundtrack - 10 Ghost Fight.mp3
2025-11-04T05:24:27 update: added Undertale - Lossless Soundtrack (toby fox)/toby fox - UNDERTALE Soundtrack - 05 Ruins.mp3
2025-11-04T05:24:27 update: added Undertale - Lossless Soundtrack (toby fox)/toby fox - UNDERTALE Soundtrack - 07 Anticipation.mp3
2025-11-04T05:24:27 update: added Undertale - Lossless Soundtrack (toby fox)/toby fox - UNDERTALE Soundtrack - 75 Barrier.mp3
2025-11-04T05:24:27 update: added Undertale - Lossless Soundtrack (toby fox)/toby fox - UNDERTALE Soundtrack - 78 You Idiot.mp3
2025-11-04T05:24:27 update: added Undertale - Lossless Soundtrack (toby fox)/toby fox - UNDERTALE Soundtrack - 53 Stronger Monsters.mp3
2025-11-04T05:24:27 update: added Undertale - Lossless Soundtrack (toby fox)/toby fox - UNDERTALE Soundtrack - 12 Home.mp3
2025-11-04T05:24:27 update: added Undertale - Lossless Soundtrack (toby fox)/toby fox - UNDERTALE Soundtrack - 35 Bird That Carries You Over A Disproportionately Small Gap.mp3
2025-11-04T05:24:27 update: added Undertale - Lossless Soundtrack (toby fox)/toby fox - UNDERTALE Soundtrack - 06 Uwa!! So Temperate♫.mp3
2025-11-04T05:24:27 update: added Undertale - Lossless Soundtrack (toby fox)/toby fox - UNDERTALE Soundtrack - 90 His Theme.mp3
2025-11-04T05:24:27 update: added Undertale - Lossless Soundtrack (toby fox)/toby fox - UNDERTALE Soundtrack - 21 Dogsong.mp3
2025-11-04T05:24:27 update: added Undertale - Lossless Soundtrack (toby fox)/toby fox - UNDERTALE Soundtrack - 43 Temmie Village.mp3
2025-11-04T05:24:27 update: added Undertale - Lossless Soundtrack (toby fox)/toby fox - UNDERTALE Soundtrack - 101 Good Night.mp3
2025-11-04T05:24:27 update: added Undertale - Lossless Soundtrack (toby fox)/toby fox - UNDERTALE Soundtrack - 16 Nyeh Heh Heh!.mp3
2025-11-04T05:24:27 update: added Undertale - Lossless Soundtrack (toby fox)/toby fox - UNDERTALE Soundtrack - 45 NGAHHH!!.mp3
2025-11-04T05:24:27 update: added Undertale - Lossless Soundtrack (toby fox)/toby fox - UNDERTALE Soundtrack - 63 It's Raining Somewhere Else.mp3
2025-11-04T05:24:27 update: added Undertale - Lossless Soundtrack (toby fox)/toby fox - UNDERTALE Soundtrack - 80 Finale.mp3
2025-11-04T05:24:27 update: added Undertale - Lossless Soundtrack (toby fox)/toby fox - UNDERTALE Soundtrack - 65 CORE.mp3
2025-11-04T05:24:27 update: added Undertale - Lossless Soundtrack (toby fox)/toby fox - UNDERTALE Soundtrack - 55 Can You Really Call This A Hotel, I Didn't Receive A Mint On My Pillow Or Anything.mp3
2025-11-04T05:24:27 update: added Undertale - Lossless Soundtrack (toby fox)/toby fox - UNDERTALE Soundtrack - 93 Menu (Full).mp3
2025-11-04T05:24:27 update: added Undertale - Lossless Soundtrack (toby fox)/toby fox - UNDERTALE Soundtrack - 31 Waterfall.mp3
2025-11-04T05:24:27 update: added Undertale - Lossless Soundtrack (toby fox)/toby fox - UNDERTALE Soundtrack - 67 Oh My....mp3
2025-11-04T05:24:27 update: added Undertale - Lossless Soundtrack (toby fox)/toby fox - UNDERTALE Soundtrack - 58 Death Report.mp3
2025-11-04T05:24:27 update: added Undertale - Lossless Soundtrack (toby fox)/toby fox - UNDERTALE Soundtrack - 73 The Choice.mp3
2025-11-04T05:24:27 update: added Undertale - Lossless Soundtrack (toby fox)/toby fox - UNDERTALE Soundtrack - 51 Another Medium.mp3
2025-11-04T05:24:27 update: added Undertale - Lossless Soundtrack (toby fox)/toby fox - UNDERTALE Soundtrack - 77 ASGORE.mp3
2025-11-04T05:24:27 update: added Undertale - Lossless Soundtrack (toby fox)/toby fox - UNDERTALE Soundtrack - 87 Hopes and Dreams.mp3
2025-11-04T05:24:27 update: added Undertale - Lossless Soundtrack (toby fox)/toby fox - UNDERTALE Soundtrack - 62 Oh! Dungeon.mp3
2025-11-04T05:24:27 update: added Undertale - Lossless Soundtrack (toby fox)/toby fox - UNDERTALE Soundtrack - 86 Don't Give Up.mp3
2025-11-04T05:24:27 update: added Undertale - Lossless Soundtrack (toby fox)/toby fox - UNDERTALE Soundtrack - 69 For the Fans.mp3
2025-11-04T05:24:27 update: added Undertale - Lossless Soundtrack (toby fox)/toby fox - UNDERTALE Soundtrack - 26 Dating Tense!.mp3
2025-11-04T05:24:27 update: added Undertale - Lossless Soundtrack (toby fox)/toby fox - UNDERTALE Soundtrack - 83 Here We Are.mp3
2025-11-04T05:24:27 update: added Undertale - Lossless Soundtrack (toby fox)/toby fox - UNDERTALE Soundtrack - 64 CORE Approach.mp3
2025-11-04T05:24:27 update: added Undertale - Lossless Soundtrack (toby fox)/toby fox - UNDERTALE Soundtrack - 42 Thundersnail.mp3
2025-11-04T05:24:27 update: added Undertale - Lossless Soundtrack (toby fox)/toby fox - UNDERTALE Soundtrack - 92 Reunited.mp3
2025-11-04T05:24:27 update: added Undertale - Lossless Soundtrack (toby fox)/toby fox - UNDERTALE Soundtrack - 56 Confession.mp3
2025-11-04T05:24:27 update: added Undertale - Lossless Soundtrack (toby fox)/toby fox - UNDERTALE Soundtrack - 89 SAVE the World.mp3
2025-11-04T05:24:27 update: added Undertale - Lossless Soundtrack (toby fox)/toby fox - UNDERTALE Soundtrack - 48 Alphys.mp3
2025-11-04T05:24:27 update: added Undertale - Lossless Soundtrack (toby fox)/toby fox - UNDERTALE Soundtrack - 25 Dating Start!.mp3
2025-11-04T05:24:27 update: added Undertale - Lossless Soundtrack (toby fox)/toby fox - UNDERTALE Soundtrack - 13 Home (Music Box).mp3
2025-11-04T05:24:27 update: added Undertale - Lossless Soundtrack (toby fox)/toby fox - UNDERTALE Soundtrack - 47 Ooo.mp3
2025-11-04T05:24:27 update: added Undertale - Lossless Soundtrack (toby fox)/toby fox - UNDERTALE Soundtrack - 15 sans..mp3
2025-11-04T05:24:27 update: added Undertale - Lossless Soundtrack (toby fox)/toby fox - UNDERTALE Soundtrack - 30 Undyne.mp3
2025-11-04T05:24:27 update: added Undertale - Lossless Soundtrack (toby fox)/toby fox - UNDERTALE Soundtrack - 38 Spooktune.mp3
2025-11-04T05:24:27 update: added Undertale - Lossless Soundtrack (toby fox)/toby fox - UNDERTALE Soundtrack - 76 Bergentrückung.mp3
2025-11-04T05:24:27 update: added Undertale - Lossless Soundtrack (toby fox)/toby fox - UNDERTALE Soundtrack - 09 Enemy Approaching.mp3
2025-11-04T05:24:27 update: added Undertale - Lossless Soundtrack (toby fox)/toby fox - UNDERTALE Soundtrack - 03 Your Best Friend.mp3
2025-11-04T05:24:27 update: added Undertale - Lossless Soundtrack (toby fox)/toby fox - UNDERTALE Soundtrack - 14 Heartache.mp3
2025-11-04T05:24:27 update: added Undertale - Lossless Soundtrack (toby fox)/toby fox - UNDERTALE Soundtrack - 29 Danger Mystery.mp3
2025-11-04T05:24:27 update: added Undertale - Lossless Soundtrack (toby fox)/toby fox - UNDERTALE Soundtrack - 44 Tem Shop.mp3
2025-11-04T05:24:27 update: added Undertale - Lossless Soundtrack (toby fox)/toby fox - UNDERTALE Soundtrack - 36 Dummy!.mp3
2025-11-04T05:24:27 update: added Undertale - Lossless Soundtrack (toby fox)/toby fox - UNDERTALE Soundtrack - 70 Long Elevator.mp3
2025-11-04T05:24:27 update: added Undertale - Lossless Soundtrack (toby fox)/toby fox - UNDERTALE Soundtrack - 68 Death by Glamour.mp3
2025-11-04T05:24:27 update: added Undertale - Lossless Soundtrack (toby fox)/toby fox - UNDERTALE Soundtrack - 71 Undertale.mp3
2025-11-04T05:24:27 update: added Undertale - Lossless Soundtrack (toby fox)/toby fox - UNDERTALE Soundtrack - 04 Fallen Down.mp3
2025-11-04T05:24:27 update: added Undertale - Lossless Soundtrack (toby fox)/toby fox - UNDERTALE Soundtrack - 74 Small Shock.mp3
2025-11-04T05:24:27 update: added Undertale - Lossless Soundtrack (toby fox)/toby fox - UNDERTALE Soundtrack - 98 Battle Against a True Hero.mp3
2025-11-04T05:24:27 update: added Undertale - Lossless Soundtrack (toby fox)/toby fox - UNDERTALE Soundtrack - 100 MEGALOVANIA.mp3
2025-11-04T05:24:27 update: added Undertale - Lossless Soundtrack (toby fox)/toby fox - UNDERTALE Soundtrack - 61 Oh! One True Love.mp3
2025-11-04T05:24:27 update: added Undertale - Lossless Soundtrack (toby fox)/toby fox - UNDERTALE Soundtrack - 33 Quiet Water.mp3
2025-11-04T05:24:27 update: added Undertale - Lossless Soundtrack (toby fox)/toby fox - UNDERTALE Soundtrack - 32 Run!.mp3
2025-11-04T05:24:27 update: added Undertale - Lossless Soundtrack (toby fox)/toby fox - UNDERTALE Soundtrack - 08 Unnecessary Tension.mp3
2025-11-04T05:24:27 update: added Undertale - Lossless Soundtrack (toby fox)/toby fox - UNDERTALE Soundtrack - 23 Shop.mp3
2025-11-04T05:36:25 exception: Failed to open "/home/riikq/.config/mpd/mpdstate": No such file or directory
Note: Illegal Audio-MPEG-Header 0x00000000 at offset 148749.
Note: Trying to resync...
Note: Hit end of (available) data during resync.
2025-11-04T05:36:48 mpg123: mpg123_getformat() failed: Message: I am done with this track.
Note: Illegal Audio-MPEG-Header 0x00000000 at offset 148749.
Note: Trying to resync...
Note: Hit end of (available) data during resync.
2025-11-04T05:36:48 mpg123: mpg123_getformat() failed: Message: I am done with this track.
2025-11-04T05:36:48 ffmpeg/h263: Format h263 detected only with low score of 24, misdetection possible!
2025-11-04T05:36:48 ffmpeg/h263: Bad picture start code
2025-11-04T05:36:48 ffmpeg/h263: header damaged
2025-11-04T05:36:48 ffmpeg/h263: Could not find codec parameters for stream 0 (Video: h263, none): unspecified size
Consider increasing the value for the 'analyzeduration' (0) and 'probesize' (5000000) options
Note: Illegal Audio-MPEG-Header 0x00000000 at offset 158791.
Note: Trying to resync...
Note: Hit end of (available) data during resync.
2025-11-04T05:36:48 mpg123: mpg123_getformat() failed: Message: I am done with this track.
Note: Illegal Audio-MPEG-Header 0x00000000 at offset 158791.
Note: Trying to resync...
Note: Hit end of (available) data during resync.
2025-11-04T05:36:48 mpg123: mpg123_getformat() failed: Message: I am done with this track.
2025-11-04T05:36:48 ffmpeg/mp3: Format mp3 detected only with low score of 24, misdetection possible!
2025-11-04T05:36:48 ffmpeg/mp3: Failed to find two consecutive MPEG audio frames.
Note: Illegal Audio-MPEG-Header 0x00000000 at offset 159432.
Note: Trying to resync...
Note: Hit end of (available) data during resync.
2025-11-04T05:36:48 mpg123: mpg123_getformat() failed: Message: I am done with this track.
Note: Illegal Audio-MPEG-Header 0x00000000 at offset 159432.
Note: Trying to resync...
Note: Hit end of (available) data during resync.
2025-11-04T05:36:48 mpg123: mpg123_getformat() failed: Message: I am done with this track.
2025-11-04T05:36:48 ffmpeg/mp3: Format mp3 detected only with low score of 24, misdetection possible!
2025-11-04T05:36:48 ffmpeg/mp3: Failed to find two consecutive MPEG audio frames.
Note: Illegal Audio-MPEG-Header 0x00000000 at offset 158792.
Note: Trying to resync...
Note: Hit end of (available) data during resync.
2025-11-04T05:36:48 mpg123: mpg123_getformat() failed: Message: I am done with this track.
Note: Illegal Audio-MPEG-Header 0x00000000 at offset 158792.
Note: Trying to resync...
Note: Hit end of (available) data during resync.
2025-11-04T05:36:48 mpg123: mpg123_getformat() failed: Message: I am done with this track.
2025-11-04T05:36:48 ffmpeg/mp3: Format mp3 detected only with low score of 24, misdetection possible!
2025-11-04T05:36:48 ffmpeg/mp3: Failed to find two consecutive MPEG audio frames.
Note: Illegal Audio-MPEG-Header 0x00000000 at offset 148749.
Note: Trying to resync...
Note: Hit end of (available) data during resync.
2025-11-04T05:37:38 mpg123: mpg123_getformat() failed: Message: I am done with this track.
Note: Illegal Audio-MPEG-Header 0x00000000 at offset 148749.
Note: Trying to resync...
Note: Hit end of (available) data during resync.
2025-11-04T05:37:38 mpg123: mpg123_getformat() failed: Message: I am done with this track.
2025-11-04T05:37:38 ffmpeg/h263: Format h263 detected only with low score of 24, misdetection possible!
2025-11-04T05:37:38 ffmpeg/h263: Bad picture start code
2025-11-04T05:37:38 ffmpeg/h263: header damaged
2025-11-04T05:37:38 ffmpeg/h263: Could not find codec parameters for stream 0 (Video: h263, none): unspecified size
Consider increasing the value for the 'analyzeduration' (0) and 'probesize' (5000000) options
Note: Illegal Audio-MPEG-Header 0x00000000 at offset 158791.
Note: Trying to resync...
Note: Hit end of (available) data during resync.
2025-11-04T05:37:38 mpg123: mpg123_getformat() failed: Message: I am done with this track.
Note: Illegal Audio-MPEG-Header 0x00000000 at offset 158791.
Note: Trying to resync...
Note: Hit end of (available) data during resync.
2025-11-04T05:37:38 mpg123: mpg123_getformat() failed: Message: I am done with this track.
2025-11-04T05:37:38 ffmpeg/mp3: Format mp3 detected only with low score of 24, misdetection possible!
2025-11-04T05:37:38 ffmpeg/mp3: Failed to find two consecutive MPEG audio frames.
Note: Illegal Audio-MPEG-Header 0x00000000 at offset 159432.
Note: Trying to resync...
Note: Hit end of (available) data during resync.
2025-11-04T05:37:38 mpg123: mpg123_getformat() failed: Message: I am done with this track.
Note: Illegal Audio-MPEG-Header 0x00000000 at offset 159432.
Note: Trying to resync...
Note: Hit end of (available) data during resync.
2025-11-04T05:37:38 mpg123: mpg123_getformat() failed: Message: I am done with this track.
2025-11-04T05:37:38 ffmpeg/mp3: Format mp3 detected only with low score of 24, misdetection possible!
2025-11-04T05:37:38 ffmpeg/mp3: Failed to find two consecutive MPEG audio frames.
Note: Illegal Audio-MPEG-Header 0x00000000 at offset 158792.
Note: Trying to resync...
Note: Hit end of (available) data during resync.
2025-11-04T05:37:38 mpg123: mpg123_getformat() failed: Message: I am done with this track.
Note: Illegal Audio-MPEG-Header 0x00000000 at offset 158792.
Note: Trying to resync...
Note: Hit end of (available) data during resync.
2025-11-04T05:37:38 mpg123: mpg123_getformat() failed: Message: I am done with this track.
2025-11-04T05:37:38 ffmpeg/mp3: Format mp3 detected only with low score of 24, misdetection possible!
2025-11-04T05:37:38 ffmpeg/mp3: Failed to find two consecutive MPEG audio frames.
Note: Illegal Audio-MPEG-Header 0x00000000 at offset 148749.
Note: Trying to resync...
Note: Hit end of (available) data during resync.
2025-11-04T05:37:42 mpg123: mpg123_getformat() failed: Message: I am done with this track.
Note: Illegal Audio-MPEG-Header 0x00000000 at offset 148749.
Note: Trying to resync...
Note: Hit end of (available) data during resync.
2025-11-04T05:37:42 mpg123: mpg123_getformat() failed: Message: I am done with this track.
2025-11-04T05:37:42 ffmpeg/h263: Format h263 detected only with low score of 24, misdetection possible!
2025-11-04T05:37:42 ffmpeg/h263: Bad picture start code
2025-11-04T05:37:42 ffmpeg/h263: header damaged
2025-11-04T05:37:42 ffmpeg/h263: Could not find codec parameters for stream 0 (Video: h263, none): unspecified size
Consider increasing the value for the 'analyzeduration' (0) and 'probesize' (5000000) options
Note: Illegal Audio-MPEG-Header 0x00000000 at offset 158791.
Note: Trying to resync...
Note: Hit end of (available) data during resync.
2025-11-04T05:37:42 mpg123: mpg123_getformat() failed: Message: I am done with this track.
Note: Illegal Audio-MPEG-Header 0x00000000 at offset 158791.
Note: Trying to resync...
Note: Hit end of (available) data during resync.
2025-11-04T05:37:42 mpg123: mpg123_getformat() failed: Message: I am done with this track.
2025-11-04T05:37:42 ffmpeg/mp3: Format mp3 detected only with low score of 24, misdetection possible!
2025-11-04T05:37:42 ffmpeg/mp3: Failed to find two consecutive MPEG audio frames.
Note: Illegal Audio-MPEG-Header 0x00000000 at offset 159432.
Note: Trying to resync...
Note: Hit end of (available) data during resync.
2025-11-04T05:37:42 mpg123: mpg123_getformat() failed: Message: I am done with this track.
Note: Illegal Audio-MPEG-Header 0x00000000 at offset 159432.
Note: Trying to resync...
Note: Hit end of (available) data during resync.
2025-11-04T05:37:42 mpg123: mpg123_getformat() failed: Message: I am done with this track.
2025-11-04T05:37:42 ffmpeg/mp3: Format mp3 detected only with low score of 24, misdetection possible!
2025-11-04T05:37:42 ffmpeg/mp3: Failed to find two consecutive MPEG audio frames.
Note: Illegal Audio-MPEG-Header 0x00000000 at offset 158792.
Note: Trying to resync...
Note: Hit end of (available) data during resync.
2025-11-04T05:37:42 mpg123: mpg123_getformat() failed: Message: I am done with this track.
Note: Illegal Audio-MPEG-Header 0x00000000 at offset 158792.
Note: Trying to resync...
Note: Hit end of (available) data during resync.
2025-11-04T05:37:42 mpg123: mpg123_getformat() failed: Message: I am done with this track.
2025-11-04T05:37:42 ffmpeg/mp3: Format mp3 detected only with low score of 24, misdetection possible!
2025-11-04T05:37:42 ffmpeg/mp3: Failed to find two consecutive MPEG audio frames.
Note: Illegal Audio-MPEG-Header 0x00000000 at offset 148749.
Note: Trying to resync...
Note: Hit end of (available) data during resync.
2025-11-04T05:37:42 mpg123: mpg123_getformat() failed: Message: I am done with this track.
Note: Illegal Audio-MPEG-Header 0x00000000 at offset 148749.
Note: Trying to resync...
Note: Hit end of (available) data during resync.
2025-11-04T05:37:42 mpg123: mpg123_getformat() failed: Message: I am done with this track.
2025-11-04T05:37:42 ffmpeg/h263: Format h263 detected only with low score of 24, misdetection possible!
2025-11-04T05:37:42 ffmpeg/h263: Bad picture start code
2025-11-04T05:37:42 ffmpeg/h263: header damaged
2025-11-04T05:37:42 ffmpeg/h263: Could not find codec parameters for stream 0 (Video: h263, none): unspecified size
Consider increasing the value for the 'analyzeduration' (0) and 'probesize' (5000000) options
Note: Illegal Audio-MPEG-Header 0x00000000 at offset 158791.
Note: Trying to resync...
Note: Hit end of (available) data during resync.
2025-11-04T05:37:42 mpg123: mpg123_getformat() failed: Message: I am done with this track.
Note: Illegal Audio-MPEG-Header 0x00000000 at offset 158791.
Note: Trying to resync...
Note: Hit end of (available) data during resync.
2025-11-04T05:37:42 mpg123: mpg123_getformat() failed: Message: I am done with this track.
2025-11-04T05:37:42 ffmpeg/mp3: Format mp3 detected only with low score of 24, misdetection possible!
2025-11-04T05:37:42 ffmpeg/mp3: Failed to find two consecutive MPEG audio frames.
Note: Illegal Audio-MPEG-Header 0x00000000 at offset 159432.
Note: Trying to resync...
Note: Hit end of (available) data during resync.
2025-11-04T05:37:42 mpg123: mpg123_getformat() failed: Message: I am done with this track.
Note: Illegal Audio-MPEG-Header 0x00000000 at offset 159432.
Note: Trying to resync...
Note: Hit end of (available) data during resync.
2025-11-04T05:37:42 mpg123: mpg123_getformat() failed: Message: I am done with this track.
2025-11-04T05:37:42 ffmpeg/mp3: Format mp3 detected only with low score of 24, misdetection possible!
2025-11-04T05:37:42 ffmpeg/mp3: Failed to find two consecutive MPEG audio frames.
Note: Illegal Audio-MPEG-Header 0x00000000 at offset 158792.
Note: Trying to resync...
Note: Hit end of (available) data during resync.
2025-11-04T05:37:42 mpg123: mpg123_getformat() failed: Message: I am done with this track.
Note: Illegal Audio-MPEG-Header 0x00000000 at offset 158792.
Note: Trying to resync...
Note: Hit end of (available) data during resync.
2025-11-04T05:37:42 mpg123: mpg123_getformat() failed: Message: I am done with this track.
2025-11-04T05:37:42 ffmpeg/mp3: Format mp3 detected only with low score of 24, misdetection possible!
2025-11-04T05:37:42 ffmpeg/mp3: Failed to find two consecutive MPEG audio frames.
2025-11-04T05:44:31 player: played "Guns n Roses - Appetite For Destruction/12 Rocket Queen.mp3"
2025-11-04T05:45:47 player: played "plastic beach-gorillaz/17 Pirate's Progress.mp3"
2025-11-04T05:45:49 exception: Not playing
2025-11-04T05:51:54 player: played "Queen Albums/[1973] - Queen/01 - Keep Yourself Alive.mp3"
2025-11-04T05:56:04 player: played "Queen Albums/[1973] - Queen/02 - Doing All Right.mp3"
2025-11-04T06:01:47 player: played "Queen Albums/[1973] - Queen/03 - Great King Rat.mp3"
